[0722/131909:ERROR:process_reader_win.cc(232)] ReadMemory at 0x777e12b0 of 28 bytes failed: Only part of a ReadProcessMemory or WriteProcessMemory request was completed. (0x12B)
[0722/131909:WARNING:pe_image_reader.cc(134)] could not read data directory from C:\Windows\SYSTEM32\sechost.dll
[0722/131909:ERROR:process_reader_win.cc(232)] ReadMemory at 0x77370000 of 64 bytes failed: Only part of a ReadProcessMemory or WriteProcessMemory request was completed. (0x12B)
[0722/131909:WARNING:pe_image_reader.cc(280)] could not read dos header from C:\Windows\system32\ADVAPI32.dll
[0722/131909:ERROR:process_reader_win.cc(232)] ReadMemory at 0x6e700000 of 64 bytes failed: Only part of a ReadProcessMemory or WriteProcessMemory request was completed. (0x12B)
[0722/131909:WARNING:pe_image_reader.cc(280)] could not read dos header from C:\Program Files\Google\Chrome\Application\51.0.2704.106\chrome_elf.dll
[0722/131909:ERROR:process_reader_win.cc(232)] ReadMemory at 0x74c70000 of 64 bytes failed: Only part of a ReadProcessMemory or WriteProcessMemory request was completed. (0x12B)
[0722/131909:WARNING:pe_image_reader.cc(280)] could not read dos header from C:\Windows\system32\VERSION.dll
[0722/131909:ERROR:process_reader_win.cc(232)] ReadMemory at 0x772d0000 of 64 bytes failed: Only part of a ReadProcessMemory or WriteProcessMemory request was completed. (0x12B)
[0722/131909:WARNING:pe_image_reader.cc(280)] could not read dos header from C:\Windows\system32\USP10.dll
[0722/131909:ERROR:process_reader_win.cc(232)] ReadMemory at 0x75d30000 of 64 bytes failed: Only part of a ReadProcessMemory or WriteProcessMemory request was completed. (0x12B)
[0722/131909:WARNING:pe_image_reader.cc(280)] could not read dos header from C:\Windows\system32\LPK.dll
[0722/131909:ERROR:process_reader_win.cc(232)] ReadMemory at 0x77790000 of 64 bytes failed: Only part of a ReadProcessMemory or WriteProcessMemory request was completed. (0x12B)
[0722/131909:WARNING:pe_image_reader.cc(280)] could not read dos header from C:\Windows\system32\GDI32.dll
[0722/131909:ERROR:process_reader_win.cc(232)] ReadMemory at 0x75d40000 of 64 bytes failed: Only part of a ReadProcessMemory or WriteProcessMemory request was completed. (0x12B)
[0722/131909:WARNING:pe_image_reader.cc(280)] could not read dos header from C:\Windows\system32\USER32.dll
[0722/131909:ERROR:process_reader_win.cc(232)] ReadMemory at 0x71bf0000 of 64 bytes failed: Only part of a ReadProcessMemory or WriteProcessMemory request was completed. (0x12B)
[0722/131909:WARNING:pe_image_reader.cc(280)] could not read dos header from C:\Windows\system32\WINMM.dll
[0722/131909:ERROR:process_reader_win.cc(232)] ReadMemory at 0x75530000 of 64 bytes failed: Only part of a ReadProcessMemory or WriteProcessMemory request was completed. (0x12B)
[0722/131909:WARNING:pe_image_reader.cc(280)] could not read dos header from C:\Windows\system32\profapi.dll
[0722/131909:ERROR:process_reader_win.cc(141)] SuspendThread: Access is denied. (0x5)
[0722/131909:ERROR:process_reader_win.cc(232)] ReadMemory at 0x75650000 of 64 bytes failed: Only part of a ReadProcessMemory or WriteProcessMemory request was completed. (0x12B)
[0722/131909:ERROR:exception_snapshot_win.cc(57)] thread ID 0 not found in process
[0722/131909:WARNING:crash_report_exception_handler.cc(60)] ProcessSnapshotWin::InitializeException failed
[0722/131909:WARNING:pe_image_reader.cc(280)] could not read dos header from C:\Windows\system32\USERENV.dll
[0722/131909:ERROR:scoped_process_suspend.cc(38)] NtResumeProcess, ntstatus=-1073741558
[0722/131909:ERROR:process_reader_win.cc(232)] ReadMemory at 0x71f30000 of 64 bytes failed: Only part of a ReadProcessMemory or WriteProcessMemory request was completed. (0x12B)
[0722/131909:WARNING:pe_image_reader.cc(280)] could not read dos header from C:\Windows\system32\WTSAPI32.dll
[0722/131909:ERROR:process_reader_win.cc(232)] ReadMemory at 0x70d90000 of 64 bytes failed: Only part of a ReadProcessMemory or WriteProcessMemory request was completed. (0x12B)
[0722/131909:WARNING:pe_image_reader.cc(280)] could not read dos header from C:\Windows\system32\webio.dll
[0722/131909:ERROR:process_reader_win.cc(232)] ReadMemory at 0x70de0000 of 64 bytes failed: Only part of a ReadProcessMemory or WriteProcessMemory request was completed. (0x12B)
[0722/131909:WARNING:pe_image_reader.cc(280)] could not read dos header from C:\Windows\system32\WINHTTP.dll
[0722/131909:ERROR:process_reader_win.cc(232)] ReadMemory at 0x65660000 of 64 bytes failed: Only part of a ReadProcessMemory or WriteProcessMemory request was completed. (0x12B)
[0722/131909:WARNING:pe_image_reader.cc(280)] could not read dos header from C:\Windows\system32\api-ms-win-core-synch-l1-2-0.DLL
[0722/131909:ERROR:process_reader_win.cc(232)] ReadMemory at 0x76d40000 of 64 bytes failed: Only part of a ReadProcessMemory or WriteProcessMemory request was completed. (0x12B)
[0722/131909:WARNING:pe_image_reader.cc(280)] could not read dos header from C:\Windows\system32\MSCTF.dll
[0722/131909:ERROR:process_reader_win.cc(232)] ReadMemory at 0x77420000 of 64 bytes failed: Only part of a ReadProcessMemory or WriteProcessMemory request was completed. (0x12B)
[0722/131909:WARNING:pe_image_reader.cc(280)] could not read dos header from C:\Windows\system32\IMM32.DLL
[0722/131909:ERROR:process_reader_win.cc(232)] ReadMemory at 0x758c0000 of 64 bytes failed: Only part of a ReadProcessMemory or WriteProcessMemory request was completed. (0x12B)
[0722/131909:WARNING:pe_image_reader.cc(280)] could not read dos header from C:\Windows\system32\PSAPI.DLL
[0722/131909:ERROR:process_reader_win.cc(232)] ReadMemory at 0x75480000 of 64 bytes failed: Only part of a ReadProcessMemory or WriteProcessMemory request was completed. (0x12B)
[0722/131909:WARNING:pe_image_reader.cc(280)] could not read dos header from C:\PROGRA~1\Sophos\SOPHOS~1\SOPHOS~1.DLL
[0722/131909:ERROR:process_reader_win.cc(232)] ReadMemory at 0x77440000 of 64 bytes failed: Only part of a ReadProcessMemory or WriteProcessMemory request was completed. (0x12B)
[0722/131909:WARNING:pe_image_reader.cc(280)] could not read dos header from C:\Windows\system32\NSI.dll
[0722/131909:ERROR:process_reader_win.cc(232)] ReadMemory at 0x77750000 of 64 bytes failed: Only part of a ReadProcessMemory or WriteProcessMemory request was completed. (0x12B)
[0722/131909:WARNING:pe_image_reader.cc(280)] could not read dos header from C:\Windows\system32\WS2_32.dll
[0722/131909:ERROR:process_reader_win.cc(232)] ReadMemory at 0x6d4f0000 of 64 bytes failed: Only part of a ReadProcessMemory or WriteProcessMemory request was completed. (0x12B)
[0722/131909:WARNING:pe_image_reader.cc(280)] could not read dos header from C:\Windows\system32\WINSPOOL.DRV
[0722/131909:ERROR:process_reader_win.cc(232)] ReadMemory at 0x77170000 of 64 bytes failed: Only part of a ReadProcessMemory or WriteProcessMemory request was completed. (0x12B)
[0722/131909:WARNING:pe_image_reader.cc(280)] could not read dos header from C:\Windows\system32\ole32.dll
[0722/131909:ERROR:process_reader_win.cc(232)] ReadMemory at 0x75fb0000 of 64 bytes failed: Only part of a ReadProcessMemory or WriteProcessMemory request was completed. (0x12B)
[0722/131909:WARNING:pe_image_reader.cc(280)] could not read dos header from C:\Windows\system32\OLEAUT32.dll
[0722/131909:ERROR:process_reader_win.cc(232)] ReadMemory at 0x6f420000 of 64 bytes failed: Only part of a ReadProcessMemory or WriteProcessMemory request was completed. (0x12B)
[0722/131909:WARNING:pe_image_reader.cc(280)] could not read dos header from C:\Program Files\Impero Solutions Ltd\Impero Client\ImperoInj32.dll
[0722/131909:ERROR:process_reader_win.cc(232)] ReadMemory at 0x75860000 of 64 bytes failed: Only part of a ReadProcessMemory or WriteProcessMemory request was completed. (0x12B)
[0722/131909:WARNING:pe_image_reader.cc(280)] could not read dos header from C:\Windows\system32\SHLWAPI.dll
[0722/131909:ERROR:process_reader_win.cc(232)] ReadMemory at 0x760f0000 of 64 bytes failed: Only part of a ReadProcessMemory or WriteProcessMemory request was completed. (0x12B)
[0722/131909:WARNING:pe_image_reader.cc(280)] could not read dos header from C:\Windows\system32\SHELL32.dll
[0722/131909:ERROR:process_reader_win.cc(232)] ReadMemory at 0x72740000 of 64 bytes failed: Only part of a ReadProcessMemory or WriteProcessMemory request was completed. (0x12B)
[0722/131909:WARNING:pe_image_reader.cc(280)] could not read dos header from C:\Windows\WinSxS\x86_microsoft.windows.common-controls_6595b64144ccf1df_6.0.7601.18837_none_41e855142bd5705d\COMCTL32.dll
[0722/131909:ERROR:process_reader_win.cc(232)] ReadMemory at 0x75960000 of 64 bytes failed: Only part of a ReadProcessMemory or WriteProcessMemory request was completed. (0x12B)
[0722/131909:WARNING:pe_image_reader.cc(280)] could not read dos header from C:\Windows\system32\COMDLG32.dll
[0722/131909:ERROR:process_reader_win.cc(232)] ReadMemory at 0x74610000 of 64 bytes failed: Only part of a ReadProcessMemory or WriteProcessMemory request was completed. (0x12B)
[0722/131909:WARNING:pe_image_reader.cc(280)] could not read dos header from C:\Windows\system32\WINNSI.DLL
[0722/131909:ERROR:process_reader_win.cc(232)] ReadMemory at 0x74560000 of 64 bytes failed: Only part of a ReadProcessMemory or WriteProcessMemory request was completed. (0x12B)
[0722/131909:WARNING:pe_image_reader.cc(280)] could not read dos header from C:\Windows\system32\IPHLPAPI.DLL
[0722/131909:ERROR:process_reader_win.cc(232)] ReadMemory at 0x75540000 of 64 bytes failed: Only part of a ReadProcessMemory or WriteProcessMemory request was completed. (0x12B)
[0722/131909:WARNING:pe_image_reader.cc(280)] could not read dos header from C:\Windows\system32\MSASN1.dll
[0722/131909:ERROR:process_reader_win.cc(232)] ReadMemory at 0x75710000 of 64 bytes failed: Only part of a ReadProcessMemory or WriteProcessMemory request was completed. (0x12B)
[0722/131909:WARNING:pe_image_reader.cc(280)] could not read dos header from C:\Windows\system32\CRYPT32.dll
[0722/131909:ERROR:process_reader_win.cc(232)] ReadMemory at 0x75560000 of 64 bytes failed: Only part of a ReadProcessMemory or WriteProcessMemory request was completed. (0x12B)
[0722/131909:WARNING:pe_image_reader.cc(280)] could not read dos header from C:\Windows\system32\WINTRUST.dll
[0722/131909:ERROR:process_reader_win.cc(232)] ReadMemory at 0x75220000 of 64 bytes failed: Only part of a ReadProcessMemory or WriteProcessMemory request was completed. (0x12B)
[0722/131909:WARNING:pe_image_reader.cc(280)] could not read dos header from C:\Windows\system32\Secur32.dll
[0722/131909:ERROR:process_reader_win.cc(232)] ReadMemory at 0x75390000 of 64 bytes failed: Only part of a ReadProcessMemory or WriteProcessMemory request was completed. (0x12B)
[0722/131909:WARNING:pe_image_reader.cc(280)] could not read dos header from C:\Windows\system32\SSPICLI.DLL
[0722/131909:ERROR:process_reader_win.cc(232)] ReadMemory at 0xf1a0000 of 64 bytes failed: Only part of a ReadProcessMemory or WriteProcessMemory request was completed. (0x12B)
[0722/131909:WARNING:pe_image_reader.cc(280)] could not read dos header from C:\Program Files\Google\Chrome\Application\51.0.2704.106\chrome_child.dll
[0722/131909:ERROR:process_reader_win.cc(232)] ReadMemory at 0x5b060000 of 64 bytes failed: Only part of a ReadProcessMemory or WriteProcessMemory request was completed. (0x12B)
[0722/131909:WARNING:pe_image_reader.cc(280)] could not read dos header from C:\Windows\system32\dwrite.dll
[0722/131909:ERROR:process_reader_win.cc(232)] ReadMemory at 0x75400000 of 64 bytes failed: Only part of a ReadProcessMemory or WriteProcessMemory request was completed. (0x12B)
[0722/131909:WARNING:pe_image_reader.cc(280)] could not read dos header from C:\Windows\system32\cryptbase.dll
[0722/131909:ERROR:process_reader_win.cc(232)] ReadMemory at 0x7768c000 of 5888 bytes failed: Only part of a ReadProcessMemory or WriteProcessMemory request was completed. (0x12B)
[0722/131909:ERROR:process_reader_win.cc(232)] ReadMemory at 0x12b0000 of 64 bytes failed: Only part of a ReadProcessMemory or WriteProcessMemory request was completed. (0x12B)
[0722/131909:WARNING:pe_image_reader.cc(280)] could not read dos header from C:\Program Files\Google\Chrome\Application\chrome.exe
[0722/131909:ERROR:process_reader_win.cc(232)] ReadMemory at 0x775b0000 of 64 bytes failed: Only part of a ReadProcessMemory or WriteProcessMemory request was completed. (0x12B)
[0722/131909:WARNING:pe_image_reader.cc(280)] could not read dos header from C:\Windows\SYSTEM32\ntdll.dll
[0722/131909:ERROR:process_reader_win.cc(232)] ReadMemory at 0x756a0000 of 64 bytes failed: Only part of a ReadProcessMemory or WriteProcessMemory request was completed. (0x12B)
[0722/131909:WARNING:pe_image_reader.cc(280)] could not read dos header from C:\Windows\system32\KERNELBASE.dll
[0722/131909:ERROR:process_reader_win.cc(232)] ReadMemory at 0x75c20000 of 64 bytes failed: Only part of a ReadProcessMemory or WriteProcessMemory request was completed. (0x12B)
[0722/131909:WARNING:pe_image_reader.cc(280)] could not read dos header from C:\Windows\system32\kernel32.dll
[0722/131909:ERROR:process_reader_win.cc(232)] ReadMemory at 0x76040000 of 64 bytes failed: Only part of a ReadProcessMemory or WriteProcessMemory request was completed. (0x12B)
[0722/131909:WARNING:pe_image_reader.cc(280)] could not read dos header from C:\Windows\system32\msvcrt.dll
[0722/131909:ERROR:process_reader_win.cc(232)] ReadMemory at 0x76e10000 of 64 bytes failed: Only part of a ReadProcessMemory or WriteProcessMemory request was completed. (0x12B)
[0722/131909:WARNING:pe_image_reader.cc(280)] could not read dos header from C:\Windows\system32\RPCRT4.dll
[0722/131909:ERROR:process_reader_win.cc(232)] ReadMemory at 0x777e0000 of 64 bytes failed: Only part of a ReadProcessMemory or WriteProcessMemory request was completed. (0x12B)
[0722/131909:WARNING:pe_image_reader.cc(280)] could not read dos header from C:\Windows\SYSTEM32\sechost.dll
[0722/131909:ERROR:process_reader_win.cc(232)] ReadMemory at 0x77370000 of 64 bytes failed: Only part of a ReadProcessMemory or WriteProcessMemory request was completed. (0x12B)
[0722/131909:WARNING:pe_image_reader.cc(280)] could not read dos header from C:\Windows\system32\ADVAPI32.dll
[0722/131909:ERROR:process_reader_win.cc(232)] ReadMemory at 0x6e700000 of 64 bytes failed: Only part of a ReadProcessMemory or WriteProcessMemory request was completed. (0x12B)
[0722/131909:WARNING:pe_image_reader.cc(280)] could not read dos header from C:\Program Files\Google\Chrome\Application\51.0.2704.106\chrome_elf.dll
[0722/131909:ERROR:process_reader_win.cc(232)] ReadMemory at 0x74c70000 of 64 bytes failed: Only part of a ReadProcessMemory or WriteProcessMemory request was completed. (0x12B)
[0722/131909:WARNING:pe_image_reader.cc(280)] could not read dos header from C:\Windows\system32\VERSION.dll
[0722/131909:ERROR:process_reader_win.cc(232)] ReadMemory at 0x772d0000 of 64 bytes failed: Only part of a ReadProcessMemory or WriteProcessMemory request was completed. (0x12B)
[0722/131909:WARNING:pe_image_reader.cc(280)] could not read dos header from C:\Windows\system32\USP10.dll
[0722/131909:ERROR:process_reader_win.cc(232)] ReadMemory at 0x75d30000 of 64 bytes failed: Only part of a ReadProcessMemory or WriteProcessMemory request was completed. (0x12B)
[0722/131909:WARNING:pe_image_reader.cc(280)] could not read dos header from C:\Windows\system32\LPK.dll
[0722/131909:ERROR:process_reader_win.cc(232)] ReadMemory at 0x77790000 of 64 bytes failed: Only part of a ReadProcessMemory or WriteProcessMemory request was completed. (0x12B)
[0722/131909:WARNING:pe_image_reader.cc(280)] could not read dos header from C:\Windows\system32\GDI32.dll
[0722/131909:ERROR:process_reader_win.cc(232)] ReadMemory at 0x75d40000 of 64 bytes failed: Only part of a ReadProcessMemory or WriteProcessMemory request was completed. (0x12B)
[0722/131909:WARNING:pe_image_reader.cc(280)] could not read dos header from C:\Windows\system32\USER32.dll
[0722/131909:ERROR:process_reader_win.cc(232)] ReadMemory at 0x71bf0000 of 64 bytes failed: Only part of a ReadProcessMemory or WriteProcessMemory request was completed. (0x12B)
[0722/131909:WARNING:pe_image_reader.cc(280)] could not read dos header from C:\Windows\system32\WINMM.dll
[0722/131909:ERROR:process_reader_win.cc(232)] ReadMemory at 0x75530000 of 64 bytes failed: Only part of a ReadProcessMemory or WriteProcessMemory request was completed. (0x12B)
[0722/131909:WARNING:pe_image_reader.cc(280)] could not read dos header from C:\Windows\system32\profapi.dll
[0722/131909:ERROR:process_reader_win.cc(232)] ReadMemory at 0x75650000 of 64 bytes failed: Only part of a ReadProcessMemory or WriteProcessMemory request was completed. (0x12B)
[0722/131909:WARNING:pe_image_reader.cc(280)] could not read dos header from C:\Windows\system32\USERENV.dll
[0722/131909:ERROR:process_reader_win.cc(232)] ReadMemory at 0x71f30000 of 64 bytes failed: Only part of a ReadProcessMemory or WriteProcessMemory request was completed. (0x12B)
[0722/131909:WARNING:pe_image_reader.cc(280)] could not read dos header from C:\Windows\system32\WTSAPI32.dll
[0722/131909:ERROR:process_reader_win.cc(232)] ReadMemory at 0x70d90000 of 64 bytes failed: Only part of a ReadProcessMemory or WriteProcessMemory request was completed. (0x12B)
[0722/131909:WARNING:pe_image_reader.cc(280)] could not read dos header from C:\Windows\system32\webio.dll
[0722/131909:ERROR:process_reader_win.cc(232)] ReadMemory at 0x70de0000 of 64 bytes failed: Only part of a ReadProcessMemory or WriteProcessMemory request was completed. (0x12B)
[0722/131909:WARNING:pe_image_reader.cc(280)] could not read dos header from C:\Windows\system32\WINHTTP.dll
[0722/131909:ERROR:process_reader_win.cc(232)] ReadMemory at 0x65660000 of 64 bytes failed: Only part of a ReadProcessMemory or WriteProcessMemory request was completed. (0x12B)
[0722/131909:WARNING:pe_image_reader.cc(280)] could not read dos header from C:\Windows\system32\api-ms-win-core-synch-l1-2-0.DLL
[0722/131909:ERROR:process_reader_win.cc(232)] ReadMemory at 0x76d40000 of 64 bytes failed: Only part of a ReadProcessMemory or WriteProcessMemory request was completed. (0x12B)
[0722/131909:WARNING:pe_image_reader.cc(280)] could not read dos header from C:\Windows\system32\MSCTF.dll
[0722/131909:ERROR:process_reader_win.cc(232)] ReadMemory at 0x77420000 of 64 bytes failed: Only part of a ReadProcessMemory or WriteProcessMemory request was completed. (0x12B)
[0722/131909:WARNING:pe_image_reader.cc(280)] could not read dos header from C:\Windows\system32\IMM32.DLL
[0722/131909:ERROR:process_reader_win.cc(232)] ReadMemory at 0x758c0000 of 64 bytes failed: Only part of a ReadProcessMemory or WriteProcessMemory request was completed. (0x12B)
[0722/131909:WARNING:pe_image_reader.cc(280)] could not read dos header from C:\Windows\system32\PSAPI.DLL
[0722/131909:ERROR:process_reader_win.cc(232)] ReadMemory at 0x75480000 of 64 bytes failed: Only part of a ReadProcessMemory or WriteProcessMemory request was completed. (0x12B)
[0722/131909:WARNING:pe_image_reader.cc(280)] could not read dos header from C:\PROGRA~1\Sophos\SOPHOS~1\SOPHOS~1.DLL
[0722/131909:ERROR:process_reader_win.cc(232)] ReadMemory at 0x77440000 of 64 bytes failed: Only part of a ReadProcessMemory or WriteProcessMemory request was completed. (0x12B)
[0722/131909:WARNING:pe_image_reader.cc(280)] could not read dos header from C:\Windows\system32\NSI.dll
[0722/131909:ERROR:process_reader_win.cc(232)] ReadMemory at 0x77750000 of 64 bytes failed: Only part of a ReadProcessMemory or WriteProcessMemory request was completed. (0x12B)
[0722/131909:WARNING:pe_image_reader.cc(280)] could not read dos header from C:\Windows\system32\WS2_32.dll
[0722/131909:ERROR:process_reader_win.cc(232)] ReadMemory at 0x6d4f0000 of 64 bytes failed: Only part of a ReadProcessMemory or WriteProcessMemory request was completed. (0x12B)
[0722/131909:WARNING:pe_image_reader.cc(280)] could not read dos header from C:\Windows\system32\WINSPOOL.DRV
[0722/131909:ERROR:process_reader_win.cc(232)] ReadMemory at 0x77170000 of 64 bytes failed: Only part of a ReadProcessMemory or WriteProcessMemory request was completed. (0x12B)
[0722/131909:WARNING:pe_image_reader.cc(280)] could not read dos header from C:\Windows\system32\ole32.dll
[0722/131909:ERROR:process_reader_win.cc(232)] ReadMemory at 0x75fb0000 of 64 bytes failed: Only part of a ReadProcessMemory or WriteProcessMemory request was completed. (0x12B)
[0722/131909:WARNING:pe_image_reader.cc(280)] could not read dos header from C:\Windows\system32\OLEAUT32.dll
[0722/131909:ERROR:process_reader_win.cc(232)] ReadMemory at 0x6f420000 of 64 bytes failed: Only part of a ReadProcessMemory or WriteProcessMemory request was completed. (0x12B)
[0722/131909:WARNING:pe_image_reader.cc(280)] could not read dos header from C:\Program Files\Impero Solutions Ltd\Impero Client\ImperoInj32.dll
[0722/131909:ERROR:process_reader_win.cc(232)] ReadMemory at 0x75860000 of 64 bytes failed: Only part of a ReadProcessMemory or WriteProcessMemory request was completed. (0x12B)
[0722/131909:WARNING:pe_image_reader.cc(280)] could not read dos header from C:\Windows\system32\SHLWAPI.dll
[0722/131909:ERROR:process_reader_win.cc(232)] ReadMemory at 0x760f0000 of 64 bytes failed: Only part of a ReadProcessMemory or WriteProcessMemory request was completed. (0x12B)
[0722/131909:WARNING:pe_image_reader.cc(280)] could not read dos header from C:\Windows\system32\SHELL32.dll
[0722/131909:ERROR:process_reader_win.cc(232)] ReadMemory at 0x72740000 of 64 bytes failed: Only part of a ReadProcessMemory or WriteProcessMemory request was completed. (0x12B)
[0722/131909:WARNING:pe_image_reader.cc(280)] could not read dos header from C:\Windows\WinSxS\x86_microsoft.windows.common-controls_6595b64144ccf1df_6.0.7601.18837_none_41e855142bd5705d\COMCTL32.dll
[0722/131909:ERROR:process_reader_win.cc(232)] ReadMemory at 0x75960000 of 64 bytes failed: Only part of a ReadProcessMemory or WriteProcessMemory request was completed. (0x12B)
[0722/131909:WARNING:pe_image_reader.cc(280)] could not read dos header from C:\Windows\system32\COMDLG32.dll
[0722/131909:ERROR:process_reader_win.cc(232)] ReadMemory at 0x74610000 of 64 bytes failed: Only part of a ReadProcessMemory or WriteProcessMemory request was completed. (0x12B)
[0722/131909:WARNING:pe_image_reader.cc(280)] could not read dos header from C:\Windows\system32\WINNSI.DLL
[0722/131909:ERROR:process_reader_win.cc(232)] ReadMemory at 0x74560000 of 64 bytes failed: Only part of a ReadProcessMemory or WriteProcessMemory request was completed. (0x12B)
[0722/131909:WARNING:pe_image_reader.cc(280)] could not read dos header from C:\Windows\system32\IPHLPAPI.DLL
[0722/131909:ERROR:process_reader_win.cc(232)] ReadMemory at 0x75540000 of 64 bytes failed: Only part of a ReadProcessMemory or WriteProcessMemory request was completed. (0x12B)
[0722/131909:WARNING:pe_image_reader.cc(280)] could not read dos header from C:\Windows\system32\MSASN1.dll
[0722/131909:ERROR:process_reader_win.cc(232)] ReadMemory at 0x75710000 of 64 bytes failed: Only part of a ReadProcessMemory or WriteProcessMemory request was completed. (0x12B)
[0722/131909:WARNING:pe_image_reader.cc(280)] could not read dos header from C:\Windows\system32\CRYPT32.dll
[0722/131909:ERROR:process_reader_win.cc(232)] ReadMemory at 0x75560000 of 64 bytes failed: Only part of a ReadProcessMemory or WriteProcessMemory request was completed. (0x12B)
[0722/131909:WARNING:pe_image_reader.cc(280)] could not read dos header from C:\Windows\system32\WINTRUST.dll
[0722/131909:ERROR:process_reader_win.cc(232)] ReadMemory at 0x75220000 of 64 bytes failed: Only part of a ReadProcessMemory or WriteProcessMemory request was completed. (0x12B)
[0722/131909:WARNING:pe_image_reader.cc(280)] could not read dos header from C:\Windows\system32\Secur32.dll
[0722/131909:ERROR:process_reader_win.cc(232)] ReadMemory at 0x75390000 of 64 bytes failed: Only part of a ReadProcessMemory or WriteProcessMemory request was completed. (0x12B)
[0722/131909:WARNING:pe_image_reader.cc(280)] could not read dos header from C:\Windows\system32\SSPICLI.DLL
[0722/131909:ERROR:process_reader_win.cc(232)] ReadMemory at 0xf1a0000 of 64 bytes failed: Only part of a ReadProcessMemory or WriteProcessMemory request was completed. (0x12B)
[0722/131909:WARNING:pe_image_reader.cc(280)] could not read dos header from C:\Program Files\Google\Chrome\Application\51.0.2704.106\chrome_child.dll
[0722/131909:ERROR:process_reader_win.cc(232)] ReadMemory at 0x5b060000 of 64 bytes failed: Only part of a ReadProcessMemory or WriteProcessMemory request was completed. (0x12B)
[0722/131909:WARNING:pe_image_reader.cc(280)] could not read dos header from C:\Windows\system32\dwrite.dll
[0722/131909:ERROR:process_reader_win.cc(232)] ReadMemory at 0x75400000 of 64 bytes failed: Only part of a ReadProcessMemory or WriteProcessMemory request was completed. (0x12B)
[0722/131909:WARNING:pe_image_reader.cc(280)] could not read dos header from C:\Windows\system32\cryptbase.dll
[0722/131909:ERROR:process_reader_win.cc(98)] process 4424 not found
[0722/131909:ERROR:process_reader_win.cc(232)] ReadMemory at 0x12b0000 of 64 bytes failed: Only part of a ReadProcessMemory or WriteProcessMemory request was completed. (0x12B)
[0722/131909:WARNING:pe_image_reader.cc(280)] could not read dos header from C:\Program Files\Google\Chrome\Application\chrome.exe
[0722/131909:ERROR:process_reader_win.cc(232)] ReadMemory at 0x775b0000 of 64 bytes failed: Only part of a ReadProcessMemory or WriteProcessMemory request was completed. (0x12B)
[0722/131909:WARNING:pe_image_reader.cc(280)] could not read dos header from C:\Windows\SYSTEM32\ntdll.dll
[0722/131909:ERROR:process_reader_win.cc(232)] ReadMemory at 0x756a0000 of 64 bytes failed: Only part of a ReadProcessMemory or WriteProcessMemory request was completed. (0x12B)
[0722/131909:WARNING:pe_image_reader.cc(280)] could not read dos header from C:\Windows\system32\KERNELBASE.dll
[0722/131909:ERROR:process_reader_win.cc(232)] ReadMemory at 0x75c20000 of 64 bytes failed: Only part of a ReadProcessMemory or WriteProcessMemory request was completed. (0x12B)
[0722/131909:WARNING:pe_image_reader.cc(280)] could not read dos header from C:\Windows\system32\kernel32.dll
[0722/131909:ERROR:process_reader_win.cc(232)] ReadMemory at 0x76040000 of 64 bytes failed: Only part of a ReadProcessMemory or WriteProcessMemory request was completed. (0x12B)
[0722/131909:WARNING:pe_image_reader.cc(280)] could not read dos header from C:\Windows\system32\msvcrt.dll
[0722/131909:ERROR:process_reader_win.cc(232)] ReadMemory at 0x76e10000 of 64 bytes failed: Only part of a ReadProcessMemory or WriteProcessMemory request was completed. (0x12B)
[0722/131909:WARNING:pe_image_reader.cc(280)] could not read dos header from C:\Windows\system32\RPCRT4.dll
[0722/131909:ERROR:process_reader_win.cc(232)] ReadMemory at 0x777e0000 of 64 bytes failed: Only part of a ReadProcessMemory or WriteProcessMemory request was completed. (0x12B)
[0722/131909:WARNING:pe_image_reader.cc(280)] could not read dos header from C:\Windows\SYSTEM32\sechost.dll
[0722/131909:ERROR:process_reader_win.cc(232)] ReadMemory at 0x77370000 of 64 bytes failed: Only part of a ReadProcessMemory or WriteProcessMemory request was completed. (0x12B)
[0722/131909:WARNING:pe_image_reader.cc(280)] could not read dos header from C:\Windows\system32\ADVAPI32.dll
[0722/131909:ERROR:process_reader_win.cc(232)] ReadMemory at 0x6e700000 of 64 bytes failed: Only part of a ReadProcessMemory or WriteProcessMemory request was completed. (0x12B)
[0722/131909:WARNING:pe_image_reader.cc(280)] could not read dos header from C:\Program Files\Google\Chrome\Application\51.0.2704.106\chrome_elf.dll
[0722/131909:ERROR:process_reader_win.cc(232)] ReadMemory at 0x74c70000 of 64 bytes failed: Only part of a ReadProcessMemory or WriteProcessMemory request was completed. (0x12B)
[0722/131909:WARNING:pe_image_reader.cc(280)] could not read dos header from C:\Windows\system32\VERSION.dll
[0722/131909:ERROR:process_reader_win.cc(232)] ReadMemory at 0x772d0000 of 64 bytes failed: Only part of a ReadProcessMemory or WriteProcessMemory request was completed. (0x12B)
[0722/131909:WARNING:pe_image_reader.cc(280)] could not read dos header from C:\Windows\system32\USP10.dll
[0722/131909:ERROR:process_reader_win.cc(232)] ReadMemory at 0x75d30000 of 64 bytes failed: Only part of a ReadProcessMemory or WriteProcessMemory request was completed. (0x12B)
[0722/131909:WARNING:pe_image_reader.cc(280)] could not read dos header from C:\Windows\system32\LPK.dll
[0722/131909:ERROR:process_reader_win.cc(232)] ReadMemory at 0x77790000 of 64 bytes failed: Only part of a ReadProcessMemory or WriteProcessMemory request was completed. (0x12B)
[0722/131909:WARNING:pe_image_reader.cc(280)] could not read dos header from C:\Windows\system32\GDI32.dll
[0722/131909:ERROR:process_reader_win.cc(232)] ReadMemory at 0x75d40000 of 64 bytes failed: Only part of a ReadProcessMemory or WriteProcessMemory request was completed. (0x12B)
[0722/131909:WARNING:pe_image_reader.cc(280)] could not read dos header from C:\Windows\system32\USER32.dll
[0722/131909:ERROR:process_reader_win.cc(232)] ReadMemory at 0x71bf0000 of 64 bytes failed: Only part of a ReadProcessMemory or WriteProcessMemory request was completed. (0x12B)
[0722/131909:WARNING:pe_image_reader.cc(280)] could not read dos header from C:\Windows\system32\WINMM.dll
[0722/131909:ERROR:process_reader_win.cc(232)] ReadMemory at 0x75530000 of 64 bytes failed: Only part of a ReadProcessMemory or WriteProcessMemory request was completed. (0x12B)
[0722/131909:WARNING:pe_image_reader.cc(280)] could not read dos header from C:\Windows\system32\profapi.dll
[0722/131909:ERROR:process_reader_win.cc(232)] ReadMemory at 0x75650000 of 64 bytes failed: Only part of a ReadProcessMemory or WriteProcessMemory request was completed. (0x12B)
[0722/131909:WARNING:pe_image_reader.cc(280)] could not read dos header from C:\Windows\system32\USERENV.dll
[0722/131909:ERROR:process_reader_win.cc(232)] ReadMemory at 0x71f30000 of 64 bytes failed: Only part of a ReadProcessMemory or WriteProcessMemory request was completed. (0x12B)
[0722/131909:WARNING:pe_image_reader.cc(280)] could not read dos header from C:\Windows\system32\WTSAPI32.dll
[0722/131909:ERROR:process_reader_win.cc(232)] ReadMemory at 0x70d90000 of 64 bytes failed: Only part of a ReadProcessMemory or WriteProcessMemory request was completed. (0x12B)
[0722/131909:WARNING:pe_image_reader.cc(280)] could not read dos header from C:\Windows\system32\webio.dll
[0722/131909:ERROR:process_reader_win.cc(232)] ReadMemory at 0x70de0000 of 64 bytes failed: Only part of a ReadProcessMemory or WriteProcessMemory request was completed. (0x12B)
[0722/131909:WARNING:pe_image_reader.cc(280)] could not read dos header from C:\Windows\system32\WINHTTP.dll
[0722/131909:ERROR:process_reader_win.cc(232)] ReadMemory at 0x65660000 of 64 bytes failed: Only part of a ReadProcessMemory or WriteProcessMemory request was completed. (0x12B)
[0722/131909:WARNING:pe_image_reader.cc(280)] could not read dos header from C:\Windows\system32\api-ms-win-core-synch-l1-2-0.DLL
[0722/131909:ERROR:process_reader_win.cc(232)] ReadMemory at 0x76d40000 of 64 bytes failed: Only part of a ReadProcessMemory or WriteProcessMemory request was completed. (0x12B)
[0722/131909:WARNING:pe_image_reader.cc(280)] could not read dos header from C:\Windows\system32\MSCTF.dll
[0722/131909:ERROR:process_reader_win.cc(232)] ReadMemory at 0x77420000 of 64 bytes failed: Only part of a ReadProcessMemory or WriteProcessMemory request was completed. (0x12B)
[0722/131909:WARNING:pe_image_reader.cc(280)] could not read dos header from C:\Windows\system32\IMM32.DLL
[0722/131909:ERROR:process_reader_win.cc(232)] ReadMemory at 0x758c0000 of 64 bytes failed: Only part of a ReadProcessMemory or WriteProcessMemory request was completed. (0x12B)
[0722/131909:WARNING:pe_image_reader.cc(280)] could not read dos header from C:\Windows\system32\PSAPI.DLL
[0722/131909:ERROR:process_reader_win.cc(232)] ReadMemory at 0x75480000 of 64 bytes failed: Only part of a ReadProcessMemory or WriteProcessMemory request was completed. (0x12B)
[0722/131909:WARNING:pe_image_reader.cc(280)] could not read dos header from C:\PROGRA~1\Sophos\SOPHOS~1\SOPHOS~1.DLL
[0722/131909:ERROR:process_reader_win.cc(232)] ReadMemory at 0x77440000 of 64 bytes failed: Only part of a ReadProcessMemory or WriteProcessMemory request was completed. (0x12B)
[0722/131909:WARNING:pe_image_reader.cc(280)] could not read dos header from C:\Windows\system32\NSI.dll
[0722/131909:ERROR:process_reader_win.cc(232)] ReadMemory at 0x77750000 of 64 bytes failed: Only part of a ReadProcessMemory or WriteProcessMemory request was completed. (0x12B)
[0722/131909:WARNING:pe_image_reader.cc(280)] could not read dos header from C:\Windows\system32\WS2_32.dll
[0722/131909:ERROR:process_reader_win.cc(232)] ReadMemory at 0x6d4f0000 of 64 bytes failed: Only part of a ReadProcessMemory or WriteProcessMemory request was completed. (0x12B)
[0722/131909:WARNING:pe_image_reader.cc(280)] could not read dos header from C:\Windows\system32\WINSPOOL.DRV
[0722/131909:ERROR:process_reader_win.cc(232)] ReadMemory at 0x77170000 of 64 bytes failed: Only part of a ReadProcessMemory or WriteProcessMemory request was completed. (0x12B)
[0722/131909:WARNING:pe_image_reader.cc(280)] could not read dos header from C:\Windows\system32\ole32.dll
[0722/131909:ERROR:process_reader_win.cc(232)] ReadMemory at 0x75fb0000 of 64 bytes failed: Only part of a ReadProcessMemory or WriteProcessMemory request was completed. (0x12B)
[0722/131909:WARNING:pe_image_reader.cc(280)] could not read dos header from C:\Windows\system32\OLEAUT32.dll
[0722/131909:ERROR:process_reader_win.cc(232)] ReadMemory at 0x6f420000 of 64 bytes failed: Only part of a ReadProcessMemory or WriteProcessMemory request was completed. (0x12B)
[0722/131909:WARNING:pe_image_reader.cc(280)] could not read dos header from C:\Program Files\Impero Solutions Ltd\Impero Client\ImperoInj32.dll
[0722/131909:ERROR:process_reader_win.cc(232)] ReadMemory at 0x75860000 of 64 bytes failed: Only part of a ReadProcessMemory or WriteProcessMemory request was completed. (0x12B)
[0722/131909:WARNING:pe_image_reader.cc(280)] could not read dos header from C:\Windows\system32\SHLWAPI.dll
[0722/131909:ERROR:process_reader_win.cc(232)] ReadMemory at 0x760f0000 of 64 bytes failed: Only part of a ReadProcessMemory or WriteProcessMemory request was completed. (0x12B)
[0722/131909:WARNING:pe_image_reader.cc(280)] could not read dos header from C:\Windows\system32\SHELL32.dll
[0722/131909:ERROR:process_reader_win.cc(232)] ReadMemory at 0x7ffdb000 of 560 bytes failed: Only part of a ReadProcessMemory or WriteProcessMemory request was completed. (0x12B)
[0722/131909:ERROR:process_reader_win.cc(232)] ReadMemory at 0x72740000 of 64 bytes failed: Only part of a ReadProcessMemory or WriteProcessMemory request was completed. (0x12B)
[0722/131909:ERROR:process_snapshot_win.cc(349)] ReadMemory PEB
[0722/131909:WARNING:pe_image_reader.cc(280)] could not read dos header from C:\Windows\WinSxS\x86_microsoft.windows.common-controls_6595b64144ccf1df_6.0.7601.18837_none_41e855142bd5705d\COMCTL32.dll
[0722/131909:ERROR:process_reader_win.cc(232)] ReadMemory at 0x12b0000 of 64 bytes failed: Only part of a ReadProcessMemory or WriteProcessMemory request was completed. (0x12B)
[0722/131909:ERROR:process_reader_win.cc(232)] ReadMemory at 0x75960000 of 64 bytes failed: Only part of a ReadProcessMemory or WriteProcessMemory request was completed. (0x12B)
[0722/131909:WARNING:pe_image_reader.cc(280)] could not read dos header from C:\Program Files\Google\Chrome\Application\chrome.exe
[0722/131909:ERROR:process_reader_win.cc(232)] ReadMemory at 0x775b0000 of 64 bytes failed: Only part of a ReadProcessMemory or WriteProcessMemory request was completed. (0x12B)
[0722/131909:WARNING:pe_image_reader.cc(280)] could not read dos header from C:\Windows\system32\COMDLG32.dll
[0722/131909:WARNING:pe_image_reader.cc(280)] could not read dos header from C:\Windows\SYSTEM32\ntdll.dll
[0722/131909:ERROR:process_reader_win.cc(232)] ReadMemory at 0x756a0000 of 64 bytes failed: Only part of a ReadProcessMemory or WriteProcessMemory request was completed. (0x12B)
[0722/131909:ERROR:process_reader_win.cc(232)] ReadMemory at 0x74610000 of 64 bytes failed: Only part of a ReadProcessMemory or WriteProcessMemory request was completed. (0x12B)
[0722/131909:WARNING:pe_image_reader.cc(280)] could not read dos header from C:\Windows\system32\KERNELBASE.dll
[0722/131909:WARNING:pe_image_reader.cc(280)] could not read dos header from C:\Windows\system32\WINNSI.DLL
[0722/131909:ERROR:process_reader_win.cc(232)] ReadMemory at 0x75c20000 of 64 bytes failed: Only part of a ReadProcessMemory or WriteProcessMemory request was completed. (0x12B)
[0722/131909:WARNING:pe_image_reader.cc(280)] could not read dos header from C:\Windows\system32\kernel32.dll
[0722/131909:ERROR:process_reader_win.cc(232)] ReadMemory at 0x74560000 of 64 bytes failed: Only part of a ReadProcessMemory or WriteProcessMemory request was completed. (0x12B)
[0722/131909:ERROR:process_reader_win.cc(232)] ReadMemory at 0x76040000 of 64 bytes failed: Only part of a ReadProcessMemory or WriteProcessMemory request was completed. (0x12B)
[0722/131909:WARNING:pe_image_reader.cc(280)] could not read dos header from C:\Windows\system32\IPHLPAPI.DLL
[0722/131909:WARNING:pe_image_reader.cc(280)] could not read dos header from C:\Windows\system32\msvcrt.dll
[0722/131909:ERROR:process_reader_win.cc(232)] ReadMemory at 0x75540000 of 64 bytes failed: Only part of a ReadProcessMemory or WriteProcessMemory request was completed. (0x12B)
[0722/131909:WARNING:pe_image_reader.cc(280)] could not read dos header from C:\Windows\system32\MSASN1.dll
[0722/131909:ERROR:process_reader_win.cc(232)] ReadMemory at 0x76e10000 of 64 bytes failed: Only part of a ReadProcessMemory or WriteProcessMemory request was completed. (0x12B)
[0722/131909:WARNING:pe_image_reader.cc(280)] could not read dos header from C:\Windows\system32\RPCRT4.dll
[0722/131909:ERROR:process_reader_win.cc(232)] ReadMemory at 0x75710000 of 64 bytes failed: Only part of a ReadProcessMemory or WriteProcessMemory request was completed. (0x12B)
[0722/131909:ERROR:process_reader_win.cc(232)] ReadMemory at 0x777e0000 of 64 bytes failed: Only part of a ReadProcessMemory or WriteProcessMemory request was completed. (0x12B)
[0722/131909:WARNING:pe_image_reader.cc(280)] could not read dos header from C:\Windows\system32\CRYPT32.dll
[0722/131909:WARNING:pe_image_reader.cc(280)] could not read dos header from C:\Windows\SYSTEM32\sechost.dll
[0722/131909:ERROR:process_reader_win.cc(232)] ReadMemory at 0x75560000 of 64 bytes failed: Only part of a ReadProcessMemory or WriteProcessMemory request was completed. (0x12B)
[0722/131909:ERROR:process_reader_win.cc(232)] ReadMemory at 0x77370000 of 64 bytes failed: Only part of a ReadProcessMemory or WriteProcessMemory request was completed. (0x12B)
[0722/131909:WARNING:pe_image_reader.cc(280)] could not read dos header from C:\Windows\system32\WINTRUST.dll
[0722/131909:WARNING:pe_image_reader.cc(280)] could not read dos header from C:\Windows\system32\ADVAPI32.dll
[0722/131909:ERROR:process_reader_win.cc(232)] ReadMemory at 0x75220000 of 64 bytes failed: Only part of a ReadProcessMemory or WriteProcessMemory request was completed. (0x12B)
[0722/131909:ERROR:process_reader_win.cc(232)] ReadMemory at 0x6e700000 of 64 bytes failed: Only part of a ReadProcessMemory or WriteProcessMemory request was completed. (0x12B)
[0722/131909:WARNING:pe_image_reader.cc(280)] could not read dos header from C:\Windows\system32\Secur32.dll
[0722/131909:WARNING:pe_image_reader.cc(280)] could not read dos header from C:\Program Files\Google\Chrome\Application\51.0.2704.106\chrome_elf.dll
[0722/131909:ERROR:process_reader_win.cc(232)] ReadMemory at 0x74c70000 of 64 bytes failed: Only part of a ReadProcessMemory or WriteProcessMemory request was completed. (0x12B)
[0722/131909:WARNING:pe_image_reader.cc(280)] could not read dos header from C:\Windows\system32\VERSION.dll
[0722/131909:ERROR:process_reader_win.cc(232)] ReadMemory at 0x75390000 of 64 bytes failed: Only part of a ReadProcessMemory or WriteProcessMemory request was completed. (0x12B)
[0722/131909:ERROR:process_reader_win.cc(232)] ReadMemory at 0x772d0000 of 64 bytes failed: Only part of a ReadProcessMemory or WriteProcessMemory request was completed. (0x12B)
[0722/131909:WARNING:pe_image_reader.cc(280)] could not read dos header from C:\Windows\system32\SSPICLI.DLL
[0722/131909:WARNING:pe_image_reader.cc(280)] could not read dos header from C:\Windows\system32\USP10.dll
[0722/131909:ERROR:process_reader_win.cc(232)] ReadMemory at 0xf1a0000 of 64 bytes failed: Only part of a ReadProcessMemory or WriteProcessMemory request was completed. (0x12B)
[0722/131909:WARNING:pe_image_reader.cc(280)] could not read dos header from C:\Program Files\Google\Chrome\Application\51.0.2704.106\chrome_child.dll
[0722/131909:ERROR:process_reader_win.cc(232)] ReadMemory at 0x5b060000 of 64 bytes failed: Only part of a ReadProcessMemory or WriteProcessMemory request was completed. (0x12B)
[0722/131909:WARNING:pe_image_reader.cc(280)] could not read dos header from C:\Windows\system32\dwrite.dll
[0722/131909:ERROR:process_reader_win.cc(232)] ReadMemory at 0x75d30000 of 64 bytes failed: Only part of a ReadProcessMemory or WriteProcessMemory request was completed. (0x12B)
[0722/131909:ERROR:process_reader_win.cc(232)] ReadMemory at 0x75400000 of 64 bytes failed: Only part of a ReadProcessMemory or WriteProcessMemory request was completed. (0x12B)
[0722/131909:WARNING:pe_image_reader.cc(280)] could not read dos header from C:\Windows\system32\cryptbase.dll
[0722/131909:WARNING:pe_image_reader.cc(280)] could not read dos header from C:\Windows\system32\LPK.dll
[0722/131909:ERROR:process_reader_win.cc(232)] ReadMemory at 0x136c374 of 12 bytes failed: Only part of a ReadProcessMemory or WriteProcessMemory request was completed. (0x12B)
[0722/131909:ERROR:process_reader_win.cc(232)] ReadMemory at 0x77790000 of 64 bytes failed: Only part of a ReadProcessMemory or WriteProcessMemory request was completed. (0x12B)
[0722/131909:WARNING:process_snapshot_win.cc(102)] ReadMemory ExceptionInformation failed
[0722/131909:WARNING:pe_image_reader.cc(280)] could not read dos header from C:\Windows\system32\GDI32.dll
[0722/131909:WARNING:crash_report_exception_handler.cc(60)] ProcessSnapshotWin::InitializeException failed
[0722/131909:ERROR:scoped_process_suspend.cc(38)] NtResumeProcess, ntstatus=-1073741558
[0722/131909:ERROR:process_reader_win.cc(232)] ReadMemory at 0x75d40000 of 64 bytes failed: Only part of a ReadProcessMemory or WriteProcessMemory request was completed. (0x12B)
[0722/131909:WARNING:pe_image_reader.cc(280)] could not read dos header from C:\Windows\system32\USER32.dll
[0722/131909:ERROR:process_reader_win.cc(232)] ReadMemory at 0x71bf0000 of 64 bytes failed: Only part of a ReadProcessMemory or WriteProcessMemory request was completed. (0x12B)
[0722/131909:WARNING:pe_image_reader.cc(280)] could not read dos header from C:\Windows\system32\WINMM.dll
[0722/131909:ERROR:process_reader_win.cc(232)] ReadMemory at 0x75530000 of 64 bytes failed: Only part of a ReadProcessMemory or WriteProcessMemory request was completed. (0x12B)
[0722/131909:WARNING:pe_image_reader.cc(280)] could not read dos header from C:\Windows\system32\profapi.dll
[0722/131909:ERROR:process_reader_win.cc(232)] ReadMemory at 0x75650000 of 64 bytes failed: Only part of a ReadProcessMemory or WriteProcessMemory request was completed. (0x12B)
[0722/131909:WARNING:pe_image_reader.cc(280)] could not read dos header from C:\Windows\system32\USERENV.dll
[0722/131909:ERROR:process_reader_win.cc(232)] ReadMemory at 0x71f30000 of 64 bytes failed: Only part of a ReadProcessMemory or WriteProcessMemory request was completed. (0x12B)
[0722/131909:WARNING:pe_image_reader.cc(280)] could not read dos header from C:\Windows\system32\WTSAPI32.dll
[0722/131909:ERROR:process_reader_win.cc(232)] ReadMemory at 0x70d90000 of 64 bytes failed: Only part of a ReadProcessMemory or WriteProcessMemory request was completed. (0x12B)
[0722/131909:WARNING:pe_image_reader.cc(280)] could not read dos header from C:\Windows\system32\webio.dll
[0722/131909:ERROR:process_reader_win.cc(232)] ReadMemory at 0x70de0000 of 64 bytes failed: Only part of a ReadProcessMemory or WriteProcessMemory request was completed. (0x12B)
[0722/131909:WARNING:pe_image_reader.cc(280)] could not read dos header from C:\Windows\system32\WINHTTP.dll
[0722/131909:ERROR:process_reader_win.cc(232)] ReadMemory at 0x65660000 of 64 bytes failed: Only part of a ReadProcessMemory or WriteProcessMemory request was completed. (0x12B)
[0722/131909:WARNING:pe_image_reader.cc(280)] could not read dos header from C:\Windows\system32\api-ms-win-core-synch-l1-2-0.DLL
[0722/131909:ERROR:process_reader_win.cc(232)] ReadMemory at 0x76d40000 of 64 bytes failed: Only part of a ReadProcessMemory or WriteProcessMemory request was completed. (0x12B)
[0722/131909:WARNING:pe_image_reader.cc(280)] could not read dos header from C:\Windows\system32\MSCTF.dll
[0722/131909:ERROR:process_reader_win.cc(232)] ReadMemory at 0x77420000 of 64 bytes failed: Only part of a ReadProcessMemory or WriteProcessMemory request was completed. (0x12B)
[0722/131909:WARNING:pe_image_reader.cc(280)] could not read dos header from C:\Windows\system32\IMM32.DLL
[0722/131909:ERROR:process_reader_win.cc(232)] ReadMemory at 0x758c0000 of 64 bytes failed: Only part of a ReadProcessMemory or WriteProcessMemory request was completed. (0x12B)
[0722/131909:WARNING:pe_image_reader.cc(280)] could not read dos header from C:\Windows\system32\PSAPI.DLL
[0722/131909:ERROR:process_reader_win.cc(232)] ReadMemory at 0x75480000 of 64 bytes failed: Only part of a ReadProcessMemory or WriteProcessMemory request was completed. (0x12B)
[0722/131909:WARNING:pe_image_reader.cc(280)] could not read dos header from C:\PROGRA~1\Sophos\SOPHOS~1\SOPHOS~1.DLL
[0722/131909:ERROR:process_reader_win.cc(232)] ReadMemory at 0x77440000 of 64 bytes failed: Only part of a ReadProcessMemory or WriteProcessMemory request was completed. (0x12B)
[0722/131909:WARNING:pe_image_reader.cc(280)] could not read dos header from C:\Windows\system32\NSI.dll
[0722/131909:ERROR:process_reader_win.cc(232)] ReadMemory at 0x77750000 of 64 bytes failed: Only part of a ReadProcessMemory or WriteProcessMemory request was completed. (0x12B)
[0722/131909:WARNING:pe_image_reader.cc(280)] could not read dos header from C:\Windows\system32\WS2_32.dll
[0722/131909:ERROR:process_reader_win.cc(232)] ReadMemory at 0x6d4f0000 of 64 bytes failed: Only part of a ReadProcessMemory or WriteProcessMemory request was completed. (0x12B)
[0722/131909:WARNING:pe_image_reader.cc(280)] could not read dos header from C:\Windows\system32\WINSPOOL.DRV
[0722/131909:ERROR:process_reader_win.cc(232)] ReadMemory at 0x77170000 of 64 bytes failed: Only part of a ReadProcessMemory or WriteProcessMemory request was completed. (0x12B)
[0722/131909:WARNING:pe_image_reader.cc(280)] could not read dos header from C:\Windows\system32\ole32.dll
[0722/131909:ERROR:process_reader_win.cc(232)] ReadMemory at 0x75fb0000 of 64 bytes failed: Only part of a ReadProcessMemory or WriteProcessMemory request was completed. (0x12B)
[0722/131909:WARNING:pe_image_reader.cc(280)] could not read dos header from C:\Windows\system32\OLEAUT32.dll
[0722/131909:ERROR:process_reader_win.cc(232)] ReadMemory at 0x6f420000 of 64 bytes failed: Only part of a ReadProcessMemory or WriteProcessMemory request was completed. (0x12B)
[0722/131909:WARNING:pe_image_reader.cc(280)] could not read dos header from C:\Program Files\Impero Solutions Ltd\Impero Client\ImperoInj32.dll
[0722/131909:ERROR:process_reader_win.cc(232)] ReadMemory at 0x75860000 of 64 bytes failed: Only part of a ReadProcessMemory or WriteProcessMemory request was completed. (0x12B)
[0722/131909:WARNING:pe_image_reader.cc(280)] could not read dos header from C:\Windows\system32\SHLWAPI.dll
[0722/131909:ERROR:process_reader_win.cc(232)] ReadMemory at 0x760f0000 of 64 bytes failed: Only part of a ReadProcessMemory or WriteProcessMemory request was completed. (0x12B)
[0722/131909:WARNING:pe_image_reader.cc(280)] could not read dos header from C:\Windows\system32\SHELL32.dll
[0722/131909:ERROR:process_reader_win.cc(232)] ReadMemory at 0x72740000 of 64 bytes failed: Only part of a ReadProcessMemory or WriteProcessMemory request was completed. (0x12B)
[0722/131909:WARNING:pe_image_reader.cc(280)] could not read dos header from C:\Windows\WinSxS\x86_microsoft.windows.common-controls_6595b64144ccf1df_6.0.7601.18837_none_41e855142bd5705d\COMCTL32.dll
[0722/131909:ERROR:process_reader_win.cc(232)] ReadMemory at 0x75960000 of 64 bytes failed: Only part of a ReadProcessMemory or WriteProcessMemory request was completed. (0x12B)
[0722/131909:WARNING:pe_image_reader.cc(280)] could not read dos header from C:\Windows\system32\COMDLG32.dll
[0722/131909:ERROR:process_reader_win.cc(232)] ReadMemory at 0x74610000 of 64 bytes failed: Only part of a ReadProcessMemory or WriteProcessMemory request was completed. (0x12B)
[0722/131909:WARNING:pe_image_reader.cc(280)] could not read dos header from C:\Windows\system32\WINNSI.DLL
[0722/131909:ERROR:process_reader_win.cc(232)] ReadMemory at 0x74560000 of 64 bytes failed: Only part of a ReadProcessMemory or WriteProcessMemory request was completed. (0x12B)
[0722/131909:WARNING:pe_image_reader.cc(280)] could not read dos header from C:\Windows\system32\IPHLPAPI.DLL
[0722/131909:ERROR:process_reader_win.cc(232)] ReadMemory at 0x75540000 of 64 bytes failed: Only part of a ReadProcessMemory or WriteProcessMemory request was completed. (0x12B)
[0722/131909:WARNING:pe_image_reader.cc(280)] could not read dos header from C:\Windows\system32\MSASN1.dll
[0722/131909:ERROR:process_reader_win.cc(232)] ReadMemory at 0x75710000 of 64 bytes failed: Only part of a ReadProcessMemory or WriteProcessMemory request was completed. (0x12B)
[0722/131909:WARNING:pe_image_reader.cc(280)] could not read dos header from C:\Windows\system32\CRYPT32.dll
[0722/131909:ERROR:process_reader_win.cc(232)] ReadMemory at 0x75560000 of 64 bytes failed: Only part of a ReadProcessMemory or WriteProcessMemory request was completed. (0x12B)
[0722/131909:WARNING:pe_image_reader.cc(280)] could not read dos header from C:\Windows\system32\WINTRUST.dll
[0722/131909:ERROR:process_reader_win.cc(232)] ReadMemory at 0x75220000 of 64 bytes failed: Only part of a ReadProcessMemory or WriteProcessMemory request was completed. (0x12B)
[0722/131909:WARNING:pe_image_reader.cc(280)] could not read dos header from C:\Windows\system32\Secur32.dll
[0722/131909:ERROR:process_reader_win.cc(232)] ReadMemory at 0x75390000 of 64 bytes failed: Only part of a ReadProcessMemory or WriteProcessMemory request was completed. (0x12B)
[0722/131909:WARNING:pe_image_reader.cc(280)] could not read dos header from C:\Windows\system32\SSPICLI.DLL
[0722/131909:ERROR:process_reader_win.cc(232)] ReadMemory at 0xf1a0000 of 64 bytes failed: Only part of a ReadProcessMemory or WriteProcessMemory request was completed. (0x12B)
[0722/131909:WARNING:pe_image_reader.cc(280)] could not read dos header from C:\Program Files\Google\Chrome\Application\51.0.2704.106\chrome_child.dll
[0722/131909:ERROR:process_reader_win.cc(232)] ReadMemory at 0x5b060000 of 64 bytes failed: Only part of a ReadProcessMemory or WriteProcessMemory request was completed. (0x12B)
[0722/131909:WARNING:pe_image_reader.cc(280)] could not read dos header from C:\Windows\system32\dwrite.dll
[0722/131909:ERROR:process_reader_win.cc(232)] ReadMemory at 0x75400000 of 64 bytes failed: Only part of a ReadProcessMemory or WriteProcessMemory request was completed. (0x12B)
[0722/131909:WARNING:pe_image_reader.cc(280)] could not read dos header from C:\Windows\system32\cryptbase.dll
[0722/131909:ERROR:process_reader_win.cc(232)] ReadMemory at 0x7768c000 of 5888 bytes failed: Only part of a ReadProcessMemory or WriteProcessMemory request was completed. (0x12B)
[0722/131909:ERROR:process_reader_win.cc(232)] ReadMemory at 0x12b0000 of 64 bytes failed: Only part of a ReadProcessMemory or WriteProcessMemory request was completed. (0x12B)
[0722/131909:WARNING:pe_image_reader.cc(280)] could not read dos header from C:\Program Files\Google\Chrome\Application\chrome.exe
[0722/131909:ERROR:process_reader_win.cc(232)] ReadMemory at 0x775b0000 of 64 bytes failed: Only part of a ReadProcessMemory or WriteProcessMemory request was completed. (0x12B)
[0722/131909:WARNING:pe_image_reader.cc(280)] could not read dos header from C:\Windows\SYSTEM32\ntdll.dll
[0722/131909:ERROR:process_reader_win.cc(232)] ReadMemory at 0x756a0000 of 64 bytes failed: Only part of a ReadProcessMemory or WriteProcessMemory request was completed. (0x12B)
[0722/131909:WARNING:pe_image_reader.cc(280)] could not read dos header from C:\Windows\system32\KERNELBASE.dll
[0722/131909:ERROR:process_reader_win.cc(232)] ReadMemory at 0x75c20000 of 64 bytes failed: Only part of a ReadProcessMemory or WriteProcessMemory request was completed. (0x12B)
[0722/131909:WARNING:pe_image_reader.cc(280)] could not read dos header from C:\Windows\system32\kernel32.dll
[0722/131909:ERROR:process_reader_win.cc(232)] ReadMemory at 0x76040000 of 64 bytes failed: Only part of a ReadProcessMemory or WriteProcessMemory request was completed. (0x12B)
[0722/131909:WARNING:pe_image_reader.cc(280)] could not read dos header from C:\Windows\system32\msvcrt.dll
[0722/131909:ERROR:process_reader_win.cc(232)] ReadMemory at 0x76e10000 of 64 bytes failed: Only part of a ReadProcessMemory or WriteProcessMemory request was completed. (0x12B)
[0722/131909:WARNING:pe_image_reader.cc(280)] could not read dos header from C:\Windows\system32\RPCRT4.dll
[0722/131909:ERROR:process_reader_win.cc(232)] ReadMemory at 0x777e0000 of 64 bytes failed: Only part of a ReadProcessMemory or WriteProcessMemory request was completed. (0x12B)
[0722/131909:WARNING:pe_image_reader.cc(280)] could not read dos header from C:\Windows\SYSTEM32\sechost.dll
[0722/131909:ERROR:process_reader_win.cc(232)] ReadMemory at 0x77370000 of 64 bytes failed: Only part of a ReadProcessMemory or WriteProcessMemory request was completed. (0x12B)
[0722/131909:WARNING:pe_image_reader.cc(280)] could not read dos header from C:\Windows\system32\ADVAPI32.dll
[0722/131909:ERROR:process_reader_win.cc(232)] ReadMemory at 0x6e700000 of 64 bytes failed: Only part of a ReadProcessMemory or WriteProcessMemory request was completed. (0x12B)
[0722/131909:WARNING:pe_image_reader.cc(280)] could not read dos header from C:\Program Files\Google\Chrome\Application\51.0.2704.106\chrome_elf.dll
[0722/131909:ERROR:process_reader_win.cc(232)] ReadMemory at 0x74c70000 of 64 bytes failed: Only part of a ReadProcessMemory or WriteProcessMemory request was completed. (0x12B)
[0722/131909:WARNING:pe_image_reader.cc(280)] could not read dos header from C:\Windows\system32\VERSION.dll
[0722/131909:ERROR:process_reader_win.cc(232)] ReadMemory at 0x772d0000 of 64 bytes failed: Only part of a ReadProcessMemory or WriteProcessMemory request was completed. (0x12B)
[0722/131909:WARNING:pe_image_reader.cc(280)] could not read dos header from C:\Windows\system32\USP10.dll
[0722/131909:ERROR:process_reader_win.cc(232)] ReadMemory at 0x75d30000 of 64 bytes failed: Only part of a ReadProcessMemory or WriteProcessMemory request was completed. (0x12B)
[0722/131909:WARNING:pe_image_reader.cc(280)] could not read dos header from C:\Windows\system32\LPK.dll
[0722/131909:ERROR:process_reader_win.cc(232)] ReadMemory at 0x77790000 of 64 bytes failed: Only part of a ReadProcessMemory or WriteProcessMemory request was completed. (0x12B)
[0722/131909:WARNING:pe_image_reader.cc(280)] could not read dos header from C:\Windows\system32\GDI32.dll
[0722/131909:ERROR:process_reader_win.cc(232)] ReadMemory at 0x75d40000 of 64 bytes failed: Only part of a ReadProcessMemory or WriteProcessMemory request was completed. (0x12B)
[0722/131909:WARNING:pe_image_reader.cc(280)] could not read dos header from C:\Windows\system32\USER32.dll
[0722/131909:ERROR:process_reader_win.cc(232)] ReadMemory at 0x71bf0000 of 64 bytes failed: Only part of a ReadProcessMemory or WriteProcessMemory request was completed. (0x12B)
[0722/131909:WARNING:pe_image_reader.cc(280)] could not read dos header from C:\Windows\system32\WINMM.dll
[0722/131909:ERROR:process_reader_win.cc(232)] ReadMemory at 0x75530000 of 64 bytes failed: Only part of a ReadProcessMemory or WriteProcessMemory request was completed. (0x12B)
[0722/131909:WARNING:pe_image_reader.cc(280)] could not read dos header from C:\Windows\system32\profapi.dll
[0722/131909:ERROR:process_reader_win.cc(232)] ReadMemory at 0x75650000 of 64 bytes failed: Only part of a ReadProcessMemory or WriteProcessMemory request was completed. (0x12B)
[0722/131909:WARNING:pe_image_reader.cc(280)] could not read dos header from C:\Windows\system32\USERENV.dll
[0722/131909:ERROR:process_reader_win.cc(232)] ReadMemory at 0x71f30000 of 64 bytes failed: Only part of a ReadProcessMemory or WriteProcessMemory request was completed. (0x12B)
[0722/131909:WARNING:pe_image_reader.cc(280)] could not read dos header from C:\Windows\system32\WTSAPI32.dll
[0722/131909:ERROR:process_reader_win.cc(232)] ReadMemory at 0x70d90000 of 64 bytes failed: Only part of a ReadProcessMemory or WriteProcessMemory request was completed. (0x12B)
[0722/131909:WARNING:pe_image_reader.cc(280)] could not read dos header from C:\Windows\system32\webio.dll
[0722/131909:ERROR:process_reader_win.cc(232)] ReadMemory at 0x70de0000 of 64 bytes failed: Only part of a ReadProcessMemory or WriteProcessMemory request was completed. (0x12B)
[0722/131909:WARNING:pe_image_reader.cc(280)] could not read dos header from C:\Windows\system32\WINHTTP.dll
[0722/131909:ERROR:process_reader_win.cc(232)] ReadMemory at 0x65660000 of 64 bytes failed: Only part of a ReadProcessMemory or WriteProcessMemory request was completed. (0x12B)
[0722/131909:WARNING:pe_image_reader.cc(280)] could not read dos header from C:\Windows\system32\api-ms-win-core-synch-l1-2-0.DLL
[0722/131909:ERROR:process_reader_win.cc(232)] ReadMemory at 0x76d40000 of 64 bytes failed: Only part of a ReadProcessMemory or WriteProcessMemory request was completed. (0x12B)
[0722/131909:WARNING:pe_image_reader.cc(280)] could not read dos header from C:\Windows\system32\MSCTF.dll
[0722/131909:ERROR:process_reader_win.cc(232)] ReadMemory at 0x77420000 of 64 bytes failed: Only part of a ReadProcessMemory or WriteProcessMemory request was completed. (0x12B)
[0722/131909:WARNING:pe_image_reader.cc(280)] could not read dos header from C:\Windows\system32\IMM32.DLL
[0722/131909:ERROR:process_reader_win.cc(232)] ReadMemory at 0x758c0000 of 64 bytes failed: Only part of a ReadProcessMemory or WriteProcessMemory request was completed. (0x12B)
[0722/131909:WARNING:pe_image_reader.cc(280)] could not read dos header from C:\Windows\system32\PSAPI.DLL
[0722/131909:ERROR:process_reader_win.cc(232)] ReadMemory at 0x75480000 of 64 bytes failed: Only part of a ReadProcessMemory or WriteProcessMemory request was completed. (0x12B)
[0722/131909:WARNING:pe_image_reader.cc(280)] could not read dos header from C:\PROGRA~1\Sophos\SOPHOS~1\SOPHOS~1.DLL
[0722/131909:ERROR:process_reader_win.cc(232)] ReadMemory at 0x77440000 of 64 bytes failed: Only part of a ReadProcessMemory or WriteProcessMemory request was completed. (0x12B)
[0722/131909:WARNING:pe_image_reader.cc(280)] could not read dos header from C:\Windows\system32\NSI.dll
[0722/131909:ERROR:process_reader_win.cc(232)] ReadMemory at 0x77750000 of 64 bytes failed: Only part of a ReadProcessMemory or WriteProcessMemory request was completed. (0x12B)
[0722/131909:WARNING:pe_image_reader.cc(280)] could not read dos header from C:\Windows\system32\WS2_32.dll
[0722/131909:ERROR:process_reader_win.cc(232)] ReadMemory at 0x6d4f0000 of 64 bytes failed: Only part of a ReadProcessMemory or WriteProcessMemory request was completed. (0x12B)
[0722/131909:WARNING:pe_image_reader.cc(280)] could not read dos header from C:\Windows\system32\WINSPOOL.DRV
[0722/131909:ERROR:process_reader_win.cc(232)] ReadMemory at 0x77170000 of 64 bytes failed: Only part of a ReadProcessMemory or WriteProcessMemory request was completed. (0x12B)
[0722/131909:WARNING:pe_image_reader.cc(280)] could not read dos header from C:\Windows\system32\ole32.dll
[0722/131909:ERROR:process_reader_win.cc(232)] ReadMemory at 0x75fb0000 of 64 bytes failed: Only part of a ReadProcessMemory or WriteProcessMemory request was completed. (0x12B)
[0722/131909:WARNING:pe_image_reader.cc(280)] could not read dos header from C:\Windows\system32\OLEAUT32.dll
[0722/131909:ERROR:process_reader_win.cc(232)] ReadMemory at 0x6f420000 of 64 bytes failed: Only part of a ReadProcessMemory or WriteProcessMemory request was completed. (0x12B)
[0722/131909:WARNING:pe_image_reader.cc(280)] could not read dos header from C:\Program Files\Impero Solutions Ltd\Impero Client\ImperoInj32.dll
[0722/131909:ERROR:process_reader_win.cc(232)] ReadMemory at 0x75860000 of 64 bytes failed: Only part of a ReadProcessMemory or WriteProcessMemory request was completed. (0x12B)
[0722/131909:WARNING:pe_image_reader.cc(280)] could not read dos header from C:\Windows\system32\SHLWAPI.dll
[0722/131909:ERROR:process_reader_win.cc(232)] ReadMemory at 0x760f0000 of 64 bytes failed: Only part of a ReadProcessMemory or WriteProcessMemory request was completed. (0x12B)
[0722/131909:WARNING:pe_image_reader.cc(280)] could not read dos header from C:\Windows\system32\SHELL32.dll
[0722/131909:ERROR:process_reader_win.cc(232)] ReadMemory at 0x72740000 of 64 bytes failed: Only part of a ReadProcessMemory or WriteProcessMemory request was completed. (0x12B)
[0722/131909:WARNING:pe_image_reader.cc(280)] could not read dos header from C:\Windows\WinSxS\x86_microsoft.windows.common-controls_6595b64144ccf1df_6.0.7601.18837_none_41e855142bd5705d\COMCTL32.dll
[0722/131909:ERROR:process_reader_win.cc(232)] ReadMemory at 0x75960000 of 64 bytes failed: Only part of a ReadProcessMemory or WriteProcessMemory request was completed. (0x12B)
[0722/131909:WARNING:pe_image_reader.cc(280)] could not read dos header from C:\Windows\system32\COMDLG32.dll
[0722/131909:ERROR:process_reader_win.cc(232)] ReadMemory at 0x74610000 of 64 bytes failed: Only part of a ReadProcessMemory or WriteProcessMemory request was completed. (0x12B)
[0722/131909:WARNING:pe_image_reader.cc(280)] could not read dos header from C:\Windows\system32\WINNSI.DLL
[0722/131909:ERROR:process_reader_win.cc(232)] ReadMemory at 0x74560000 of 64 bytes failed: Only part of a ReadProcessMemory or WriteProcessMemory request was completed. (0x12B)
[0722/131909:WARNING:pe_image_reader.cc(280)] could not read dos header from C:\Windows\system32\IPHLPAPI.DLL
[0722/131909:ERROR:process_reader_win.cc(232)] ReadMemory at 0x75540000 of 64 bytes failed: Only part of a ReadProcessMemory or WriteProcessMemory request was completed. (0x12B)
[0722/131909:WARNING:pe_image_reader.cc(280)] could not read dos header from C:\Windows\system32\MSASN1.dll
[0722/131909:ERROR:process_reader_win.cc(232)] ReadMemory at 0x75710000 of 64 bytes failed: Only part of a ReadProcessMemory or WriteProcessMemory request was completed. (0x12B)
[0722/131909:WARNING:pe_image_reader.cc(280)] could not read dos header from C:\Windows\system32\CRYPT32.dll
[0722/131909:ERROR:process_reader_win.cc(232)] ReadMemory at 0x75560000 of 64 bytes failed: Only part of a ReadProcessMemory or WriteProcessMemory request was completed. (0x12B)
[0722/131909:WARNING:pe_image_reader.cc(280)] could not read dos header from C:\Windows\system32\WINTRUST.dll
[0722/131909:ERROR:process_reader_win.cc(232)] ReadMemory at 0x75220000 of 64 bytes failed: Only part of a ReadProcessMemory or WriteProcessMemory request was completed. (0x12B)
[0722/131909:WARNING:pe_image_reader.cc(280)] could not read dos header from C:\Windows\system32\Secur32.dll
[0722/131909:ERROR:process_reader_win.cc(232)] ReadMemory at 0x75390000 of 64 bytes failed: Only part of a ReadProcessMemory or WriteProcessMemory request was completed. (0x12B)
[0722/131909:WARNING:pe_image_reader.cc(280)] could not read dos header from C:\Windows\system32\SSPICLI.DLL
[0722/131909:ERROR:process_reader_win.cc(232)] ReadMemory at 0xf1a0000 of 64 bytes failed: Only part of a ReadProcessMemory or WriteProcessMemory request was completed. (0x12B)
[0722/131909:WARNING:pe_image_reader.cc(280)] could not read dos header from C:\Program Files\Google\Chrome\Application\51.0.2704.106\chrome_child.dll
[0722/131909:ERROR:process_reader_win.cc(232)] ReadMemory at 0x5b060000 of 64 bytes failed: Only part of a ReadProcessMemory or WriteProcessMemory request was completed. (0x12B)
[0722/131909:WARNING:pe_image_reader.cc(280)] could not read dos header from C:\Windows\system32\dwrite.dll
[0722/131909:ERROR:process_reader_win.cc(232)] ReadMemory at 0x75400000 of 64 bytes failed: Only part of a ReadProcessMemory or WriteProcessMemory request was completed. (0x12B)
[0722/131909:WARNING:pe_image_reader.cc(280)] could not read dos header from C:\Windows\system32\cryptbase.dll
[0722/131909:ERROR:process_reader_win.cc(98)] process 5132 not found
[0722/131909:ERROR:process_reader_win.cc(232)] ReadMemory at 0x12b0000 of 64 bytes failed: Only part of a ReadProcessMemory or WriteProcessMemory request was completed. (0x12B)
[0722/131909:WARNING:pe_image_reader.cc(280)] could not read dos header from C:\Program Files\Google\Chrome\Application\chrome.exe
[0722/131909:ERROR:process_reader_win.cc(232)] ReadMemory at 0x775b0000 of 64 bytes failed: Only part of a ReadProcessMemory or WriteProcessMemory request was completed. (0x12B)
[0722/131909:WARNING:pe_image_reader.cc(280)] could not read dos header from C:\Windows\SYSTEM32\ntdll.dll
[0722/131909:ERROR:process_reader_win.cc(232)] ReadMemory at 0x756a0000 of 64 bytes failed: Only part of a ReadProcessMemory or WriteProcessMemory request was completed. (0x12B)
[0722/131909:WARNING:pe_image_reader.cc(280)] could not read dos header from C:\Windows\system32\KERNELBASE.dll
[0722/131909:ERROR:process_reader_win.cc(232)] ReadMemory at 0x75c20000 of 64 bytes failed: Only part of a ReadProcessMemory or WriteProcessMemory request was completed. (0x12B)
[0722/131909:WARNING:pe_image_reader.cc(280)] could not read dos header from C:\Windows\system32\kernel32.dll
[0722/131909:ERROR:process_reader_win.cc(232)] ReadMemory at 0x76040000 of 64 bytes failed: Only part of a ReadProcessMemory or WriteProcessMemory request was completed. (0x12B)
[0722/131909:WARNING:pe_image_reader.cc(280)] could not read dos header from C:\Windows\system32\msvcrt.dll
[0722/131909:ERROR:process_reader_win.cc(232)] ReadMemory at 0x76e10000 of 64 bytes failed: Only part of a ReadProcessMemory or WriteProcessMemory request was completed. (0x12B)
[0722/131909:WARNING:pe_image_reader.cc(280)] could not read dos header from C:\Windows\system32\RPCRT4.dll
[0722/131909:ERROR:process_reader_win.cc(232)] ReadMemory at 0x777e0000 of 64 bytes failed: Only part of a ReadProcessMemory or WriteProcessMemory request was completed. (0x12B)
[0722/131909:WARNING:pe_image_reader.cc(280)] could not read dos header from C:\Windows\SYSTEM32\sechost.dll
[0722/131909:ERROR:process_reader_win.cc(232)] ReadMemory at 0x77370000 of 64 bytes failed: Only part of a ReadProcessMemory or WriteProcessMemory request was completed. (0x12B)
[0722/131909:WARNING:pe_image_reader.cc(280)] could not read dos header from C:\Windows\system32\ADVAPI32.dll
[0722/131909:ERROR:process_reader_win.cc(232)] ReadMemory at 0x6e700000 of 64 bytes failed: Only part of a ReadProcessMemory or WriteProcessMemory request was completed. (0x12B)
[0722/131909:WARNING:pe_image_reader.cc(280)] could not read dos header from C:\Program Files\Google\Chrome\Application\51.0.2704.106\chrome_elf.dll
[0722/131909:ERROR:process_reader_win.cc(232)] ReadMemory at 0x74c70000 of 64 bytes failed: Only part of a ReadProcessMemory or WriteProcessMemory request was completed. (0x12B)
[0722/131909:WARNING:pe_image_reader.cc(280)] could not read dos header from C:\Windows\system32\VERSION.dll
[0722/131909:ERROR:process_reader_win.cc(232)] ReadMemory at 0x772d0000 of 64 bytes failed: Only part of a ReadProcessMemory or WriteProcessMemory request was completed. (0x12B)
[0722/131909:WARNING:pe_image_reader.cc(280)] could not read dos header from C:\Windows\system32\USP10.dll
[0722/131909:ERROR:process_reader_win.cc(232)] ReadMemory at 0x75d30000 of 64 bytes failed: Only part of a ReadProcessMemory or WriteProcessMemory request was completed. (0x12B)
[0722/131909:WARNING:pe_image_reader.cc(280)] could not read dos header from C:\Windows\system32\LPK.dll
[0722/131909:ERROR:process_reader_win.cc(232)] ReadMemory at 0x77790000 of 64 bytes failed: Only part of a ReadProcessMemory or WriteProcessMemory request was completed. (0x12B)
[0722/131909:WARNING:pe_image_reader.cc(280)] could not read dos header from C:\Windows\system32\GDI32.dll
[0722/131909:ERROR:process_reader_win.cc(232)] ReadMemory at 0x75d40000 of 64 bytes failed: Only part of a ReadProcessMemory or WriteProcessMemory request was completed. (0x12B)
[0722/131909:WARNING:pe_image_reader.cc(280)] could not read dos header from C:\Windows\system32\USER32.dll
[0722/131909:ERROR:process_reader_win.cc(232)] ReadMemory at 0x71bf0000 of 64 bytes failed: Only part of a ReadProcessMemory or WriteProcessMemory request was completed. (0x12B)
[0722/131909:WARNING:pe_image_reader.cc(280)] could not read dos header from C:\Windows\system32\WINMM.dll
[0722/131909:ERROR:process_reader_win.cc(232)] ReadMemory at 0x75530000 of 64 bytes failed: Only part of a ReadProcessMemory or WriteProcessMemory request was completed. (0x12B)
[0722/131909:WARNING:pe_image_reader.cc(280)] could not read dos header from C:\Windows\system32\profapi.dll
[0722/131909:ERROR:process_reader_win.cc(232)] ReadMemory at 0x75650000 of 64 bytes failed: Only part of a ReadProcessMemory or WriteProcessMemory request was completed. (0x12B)
[0722/131909:WARNING:pe_image_reader.cc(280)] could not read dos header from C:\Windows\system32\USERENV.dll
[0722/131909:ERROR:process_reader_win.cc(232)] ReadMemory at 0x71f30000 of 64 bytes failed: Only part of a ReadProcessMemory or WriteProcessMemory request was completed. (0x12B)
[0722/131909:WARNING:pe_image_reader.cc(280)] could not read dos header from C:\Windows\system32\WTSAPI32.dll
[0722/131909:ERROR:process_reader_win.cc(232)] ReadMemory at 0x70d90000 of 64 bytes failed: Only part of a ReadProcessMemory or WriteProcessMemory request was completed. (0x12B)
[0722/131909:WARNING:pe_image_reader.cc(280)] could not read dos header from C:\Windows\system32\webio.dll
[0722/131909:ERROR:process_reader_win.cc(232)] ReadMemory at 0x70de0000 of 64 bytes failed: Only part of a ReadProcessMemory or WriteProcessMemory request was completed. (0x12B)
[0722/131909:WARNING:pe_image_reader.cc(280)] could not read dos header from C:\Windows\system32\WINHTTP.dll
[0722/131909:ERROR:process_reader_win.cc(232)] ReadMemory at 0x65660000 of 64 bytes failed: Only part of a ReadProcessMemory or WriteProcessMemory request was completed. (0x12B)
[0722/131909:WARNING:pe_image_reader.cc(280)] could not read dos header from C:\Windows\system32\api-ms-win-core-synch-l1-2-0.DLL
[0722/131909:ERROR:process_reader_win.cc(232)] ReadMemory at 0x76d40000 of 64 bytes failed: Only part of a ReadProcessMemory or WriteProcessMemory request was completed. (0x12B)
[0722/131909:WARNING:pe_image_reader.cc(280)] could not read dos header from C:\Windows\system32\MSCTF.dll
[0722/131909:ERROR:process_reader_win.cc(232)] ReadMemory at 0x77420000 of 64 bytes failed: Only part of a ReadProcessMemory or WriteProcessMemory request was completed. (0x12B)
[0722/131909:WARNING:pe_image_reader.cc(280)] could not read dos header from C:\Windows\system32\IMM32.DLL
[0722/131909:ERROR:process_reader_win.cc(232)] ReadMemory at 0x758c0000 of 64 bytes failed: Only part of a ReadProcessMemory or WriteProcessMemory request was completed. (0x12B)
[0722/131909:WARNING:pe_image_reader.cc(280)] could not read dos header from C:\Windows\system32\PSAPI.DLL
[0722/131909:ERROR:process_reader_win.cc(232)] ReadMemory at 0x75480000 of 64 bytes failed: Only part of a ReadProcessMemory or WriteProcessMemory request was completed. (0x12B)
[0722/131909:WARNING:pe_image_reader.cc(280)] could not read dos header from C:\PROGRA~1\Sophos\SOPHOS~1\SOPHOS~1.DLL
[0722/131909:ERROR:process_reader_win.cc(232)] ReadMemory at 0x77440000 of 64 bytes failed: Only part of a ReadProcessMemory or WriteProcessMemory request was completed. (0x12B)
[0722/131909:WARNING:pe_image_reader.cc(280)] could not read dos header from C:\Windows\system32\NSI.dll
[0722/131909:ERROR:process_reader_win.cc(232)] ReadMemory at 0x77750000 of 64 bytes failed: Only part of a ReadProcessMemory or WriteProcessMemory request was completed. (0x12B)
[0722/131909:WARNING:pe_image_reader.cc(280)] could not read dos header from C:\Windows\system32\WS2_32.dll
[0722/131909:ERROR:process_reader_win.cc(232)] ReadMemory at 0x6d4f0000 of 64 bytes failed: Only part of a ReadProcessMemory or WriteProcessMemory request was completed. (0x12B)
[0722/131909:WARNING:pe_image_reader.cc(280)] could not read dos header from C:\Windows\system32\WINSPOOL.DRV
[0722/131909:ERROR:process_reader_win.cc(232)] ReadMemory at 0x77170000 of 64 bytes failed: Only part of a ReadProcessMemory or WriteProcessMemory request was completed. (0x12B)
[0722/131909:WARNING:pe_image_reader.cc(280)] could not read dos header from C:\Windows\system32\ole32.dll
[0722/131909:ERROR:process_reader_win.cc(232)] ReadMemory at 0x75fb0000 of 64 bytes failed: Only part of a ReadProcessMemory or WriteProcessMemory request was completed. (0x12B)
[0722/131909:WARNING:pe_image_reader.cc(280)] could not read dos header from C:\Windows\system32\OLEAUT32.dll
[0722/131909:ERROR:process_reader_win.cc(232)] ReadMemory at 0x6f420000 of 64 bytes failed: Only part of a ReadProcessMemory or WriteProcessMemory request was completed. (0x12B)
[0722/131909:WARNING:pe_image_reader.cc(280)] could not read dos header from C:\Program Files\Impero Solutions Ltd\Impero Client\ImperoInj32.dll
[0722/131909:ERROR:process_reader_win.cc(232)] ReadMemory at 0x75860000 of 64 bytes failed: Only part of a ReadProcessMemory or WriteProcessMemory request was completed. (0x12B)
[0722/131909:WARNING:pe_image_reader.cc(280)] could not read dos header from C:\Windows\system32\SHLWAPI.dll
[0722/131909:ERROR:process_reader_win.cc(232)] ReadMemory at 0x760f0000 of 64 bytes failed: Only part of a ReadProcessMemory or WriteProcessMemory request was completed. (0x12B)
[0722/131909:WARNING:pe_image_reader.cc(280)] could not read dos header from C:\Windows\system32\SHELL32.dll
[0722/131909:ERROR:process_reader_win.cc(232)] ReadMemory at 0x72740000 of 64 bytes failed: Only part of a ReadProcessMemory or WriteProcessMemory request was completed. (0x12B)
[0722/131909:WARNING:pe_image_reader.cc(280)] could not read dos header from C:\Windows\WinSxS\x86_microsoft.windows.common-controls_6595b64144ccf1df_6.0.7601.18837_none_41e855142bd5705d\COMCTL32.dll
[0722/131909:ERROR:process_reader_win.cc(232)] ReadMemory at 0x75960000 of 64 bytes failed: Only part of a ReadProcessMemory or WriteProcessMemory request was completed. (0x12B)
[0722/131909:WARNING:pe_image_reader.cc(280)] could not read dos header from C:\Windows\system32\COMDLG32.dll
[0722/131909:ERROR:process_reader_win.cc(232)] ReadMemory at 0x74610000 of 64 bytes failed: Only part of a ReadProcessMemory or WriteProcessMemory request was completed. (0x12B)
[0722/131909:WARNING:pe_image_reader.cc(280)] could not read dos header from C:\Windows\system32\WINNSI.DLL
[0722/131909:ERROR:process_reader_win.cc(232)] ReadMemory at 0x74560000 of 64 bytes failed: Only part of a ReadProcessMemory or WriteProcessMemory request was completed. (0x12B)
[0722/131909:WARNING:pe_image_reader.cc(280)] could not read dos header from C:\Windows\system32\IPHLPAPI.DLL
[0722/131909:ERROR:process_reader_win.cc(232)] ReadMemory at 0x75540000 of 64 bytes failed: Only part of a ReadProcessMemory or WriteProcessMemory request was completed. (0x12B)
[0722/131909:WARNING:pe_image_reader.cc(280)] could not read dos header from C:\Windows\system32\MSASN1.dll
[0722/131909:ERROR:process_reader_win.cc(232)] ReadMemory at 0x75710000 of 64 bytes failed: Only part of a ReadProcessMemory or WriteProcessMemory request was completed. (0x12B)
[0722/131909:WARNING:pe_image_reader.cc(280)] could not read dos header from C:\Windows\system32\CRYPT32.dll
[0722/131909:ERROR:process_reader_win.cc(232)] ReadMemory at 0x75560000 of 64 bytes failed: Only part of a ReadProcessMemory or WriteProcessMemory request was completed. (0x12B)
[0722/131909:WARNING:pe_image_reader.cc(280)] could not read dos header from C:\Windows\system32\WINTRUST.dll
[0722/131909:ERROR:process_reader_win.cc(232)] ReadMemory at 0x75220000 of 64 bytes failed: Only part of a ReadProcessMemory or WriteProcessMemory request was completed. (0x12B)
[0722/131909:WARNING:pe_image_reader.cc(280)] could not read dos header from C:\Windows\system32\Secur32.dll
[0722/131909:ERROR:process_reader_win.cc(232)] ReadMemory at 0x75390000 of 64 bytes failed: Only part of a ReadProcessMemory or WriteProcessMemory request was completed. (0x12B)
[0722/131909:WARNING:pe_image_reader.cc(280)] could not read dos header from C:\Windows\system32\SSPICLI.DLL
[0722/131909:ERROR:process_reader_win.cc(232)] ReadMemory at 0xf1a0000 of 64 bytes failed: Only part of a ReadProcessMemory or WriteProcessMemory request was completed. (0x12B)
[0722/131909:WARNING:pe_image_reader.cc(280)] could not read dos header from C:\Program Files\Google\Chrome\Application\51.0.2704.106\chrome_child.dll
[0722/131909:ERROR:process_reader_win.cc(232)] ReadMemory at 0x5b060000 of 64 bytes failed: Only part of a ReadProcessMemory or WriteProcessMemory request was completed. (0x12B)
[0722/131909:WARNING:pe_image_reader.cc(280)] could not read dos header from C:\Windows\system32\dwrite.dll
[0722/131909:ERROR:process_reader_win.cc(232)] ReadMemory at 0x75400000 of 64 bytes failed: Only part of a ReadProcessMemory or WriteProcessMemory request was completed. (0x12B)
[0722/131909:WARNING:pe_image_reader.cc(280)] could not read dos header from C:\Windows\system32\cryptbase.dll
[0722/131909:ERROR:process_reader_win.cc(232)] ReadMemory at 0x136c374 of 12 bytes failed: Only part of a ReadProcessMemory or WriteProcessMemory request was completed. (0x12B)
[0722/131909:WARNING:process_snapshot_win.cc(102)] ReadMemory ExceptionInformation failed
[0722/131909:WARNING:crash_report_exception_handler.cc(60)] ProcessSnapshotWin::InitializeException failed
[0722/131909:ERROR:scoped_process_suspend.cc(38)] NtResumeProcess, ntstatus=-1073741558
